<?xml version="1.0" encoding="UTF-8"?>
<!-- Generated by org.testng.reporters.JUnitReportReporter -->
<testsuite skipped="0" hostname="DESKTOP-89OTHQ5" name="com.execution.TestExecution" tests="1" failures="0" timestamp="20 Nov 2021 06:06:38 GMT" time="35.846" errors="0">
  <testcase name="test01" time="35.846" classname="com.execution.TestExecution"/>
</testsuite> <!-- com.execution.TestExecution -->
